[MAIN] sequential keys was generated!
[MAIN] inserting all required keys..................

============================================================
[MAIN] test Started!

[THREAD-68612096] search(): range = [8000000, 9000000]
[THREAD-65929216] search(): range = [3000000, 4000000]
[THREAD-68075520] search(): range = [7000000, 8000000]
[THREAD-65392640] search(): range = [2000000, 3000000]
[THREAD-69148672] insert(): range = [9000000, 10000000]
[THREAD-64856064] search(): range = [1000000, 2000000]
[THREAD-66465792] search(): range = [4000000, 5000000]
[THREAD-67002368] search(): range = [5000000, 6000000]
[THREAD-67538944] search(): range = [6000000, 7000000]
[THREAD-63782912] search(): range = [0, 1000000]
..................................................
[MAIN] elapsed = 23 sec
[MAIN] ops = 434782.000000

[MAIN] test is done!
============================================================
Program ended with exit code: 0