[MAIN] sequential keys was generated!
[MAIN] inserting all required keys..................

============================================================
[MAIN] test Started!

[THREAD-141017088] search(): range = [0, 1000000]
[THREAD-141553664] search(): range = [1000000, 2000000]
[THREAD-142090240] search(): range = [2000000, 3000000]
[THREAD-142626816] search(): range = [3000000, 4000000]
[THREAD-143163392] search(): range = [4000000, 5000000]
[THREAD-143699968] search(): range = [5000000, 6000000]
[THREAD-144236544] search(): range = [6000000, 7000000]
[THREAD-144773120] search(): range = [7000000, 8000000]
[THREAD-145309696] search(): range = [8000000, 9000000]
[THREAD-145846272] insert(): range = [9000000, 10000000]
..................................................
[MAIN] elapsed = 15 sec
[MAIN] ops = 666666.000000

[MAIN] test is done!
============================================================
Program ended with exit code: 0