[MAIN] sequential keys was generated!
[MAIN] inserting all required keys..................

============================================================
[MAIN] test Started!

[THREAD-171118592] search(): range = [0, 1000000]
[THREAD-172191744] search(): range = [2000000, 3000000]
[THREAD-171655168] search(): range = [1000000, 2000000]
[THREAD-172728320] search(): range = [3000000, 4000000]
[THREAD-173264896] search(): range = [4000000, 5000000]
[THREAD-173801472] search(): range = [5000000, 6000000]
[THREAD-174338048] search(): range = [6000000, 7000000]
[THREAD-174874624] search(): range = [7000000, 8000000]
[THREAD-175947776] insert(): range = [9000000, 10000000]
[THREAD-175411200] search(): range = [8000000, 9000000]
..................................................
[MAIN] elapsed = 11 sec
[MAIN] ops = 909090.000000

[MAIN] test is done!
============================================================
Program ended with exit code: 0