[MAIN] sequential keys was generated!
[MAIN] random keys was generated!
[MAIN] inserting all required keys..................

============================================================
[MAIN] test Started!

[THREAD-238673920] insert(): range = [9000000, 10000000]
[THREAD-233308160] search(): range = [0, 1000000]
[THREAD-234381312] search(): range = [1000000, 2000000]
[THREAD-234917888] search(): range = [2000000, 3000000]
[THREAD-235454464] search(): range = [3000000, 4000000]
[THREAD-235991040] search(): range = [4000000, 5000000]
[THREAD-236527616] search(): range = [5000000, 6000000]
[THREAD-237064192] search(): range = [6000000, 7000000]
[THREAD-237600768] search(): range = [7000000, 8000000]
[THREAD-238137344] search(): range = [8000000, 9000000]
..................................................
[MAIN] elapsed = 73 sec
[MAIN] ops = 136986.000000

[MAIN] test is done!
============================================================
Program ended with exit code: 0