[MAIN] sequential keys was generated!
[MAIN] random keys was generated!
[MAIN] inserting all required keys....................

============================================================
[MAIN] test Started!

[THREAD-21831680] delete(): range = [9000000, 10000000]
[THREAD-18075648] search_by_range(): range = [2000000, 3000000], found: 1000001
[THREAD-17539072] search_by_range(): range = [1000000, 2000000], found: 1000001
[THREAD-21295104] search_by_range(): range = [8000000, 9000000], found: 1000001
[THREAD-20758528] search_by_range(): range = [7000000, 8000000], found: 1000001
[THREAD-16465920] search_by_range(): range = [0, 1000000], found: 1000000
[THREAD-20221952] search_by_range(): range = [6000000, 7000000], found: 1000001
[THREAD-18612224] search_by_range(): range = [3000000, 4000000], found: 1000001
[THREAD-19148800] search_by_range(): range = [4000000, 5000000], found: 1000001
[THREAD-19685376] search_by_range(): range = [5000000, 6000000], found: 1000001
.....
[MAIN] elapsed = 7 sec
[MAIN] ops = 1428570.000000

[MAIN] test is done!
============================================================
Program ended with exit code: 0