[MAIN] sequential keys was generated!
[MAIN] random keys was generated!
[MAIN] inserting all required keys..................

============================================================
[MAIN] test Started!

[THREAD-148815872] search(): range = [1000000, 2000000]
[THREAD-152571904] search(): range = [8000000, 9000000]
[THREAD-153108480] insert(): range = [9000000, 10000000]
[THREAD-149352448] search(): range = [2000000, 3000000]
[THREAD-150962176] search(): range = [5000000, 6000000]
[THREAD-147742720] search(): range = [0, 1000000]
[THREAD-151498752] search(): range = [6000000, 7000000]
[THREAD-152035328] search(): range = [7000000, 8000000]
[THREAD-150425600] search(): range = [4000000, 5000000]
[THREAD-149889024] search(): range = [3000000, 4000000]
..................................................
[MAIN] elapsed = 53 sec
[MAIN] ops = 188679.000000

[MAIN] test is done!
============================================================
Program ended with exit code: 0