[MAIN] sequential keys was generated!
[MAIN] random keys was generated!
[MAIN] inserting all required keys..................

============================================================
[MAIN] test Started!

[THREAD-141508608] insert(): range = [9000000, 10000000]
[THREAD-138825728] search_by_range(): range = [4000000, 5000000], found: 901245
[THREAD-136142848] search_by_range(): range = [0, 1000000], found: 900281
[THREAD-137216000] search_by_range(): range = [1000000, 2000000], found: 901072
[THREAD-140435456] search_by_range(): range = [7000000, 8000000], found: 902138
[THREAD-138289152] search_by_range(): range = [3000000, 4000000], found: 901805
[THREAD-139362304] search_by_range(): range = [5000000, 6000000], found: 901739
[THREAD-139898880] search_by_range(): range = [6000000, 7000000], found: 902481
[THREAD-137752576] search_by_range(): range = [2000000, 3000000], found: 901146
[THREAD-140972032] search_by_range(): range = [8000000, 9000000], found: 902304
.....
[MAIN] elapsed = 10 sec
[MAIN] ops = 911419.000000

[MAIN] test is done!
============================================================
Program ended with exit code: 0