[MAIN] sequential keys was generated!
[MAIN] random keys was generated!
[MAIN] inserting all required keys....................

============================================================
[MAIN] test Started!

[THREAD-60690432] delete(): range = [9000000, 10000000]
[THREAD-55324672] search(): range = [0, 1000000]
[THREAD-56397824] search(): range = [1000000, 2000000]
[THREAD-56934400] search(): range = [2000000, 3000000]
[THREAD-57470976] search(): range = [3000000, 4000000]
[THREAD-58007552] search(): range = [4000000, 5000000]
[THREAD-58544128] search(): range = [5000000, 6000000]
[THREAD-59080704] search(): range = [6000000, 7000000]
[THREAD-59617280] search(): range = [7000000, 8000000]
[THREAD-60153856] search(): range = [8000000, 9000000]
..................................................
[MAIN] elapsed = 107 sec
[MAIN] ops = 93457.000000

[MAIN] test is done!
============================================================
Program ended with exit code: 0