[MAIN] sequential keys was generated!
[MAIN] random keys was generated!
[MAIN] inserting all required keys....................

============================================================
[MAIN] test Started!

[THREAD-71413760] delete(): range = [9000000, 10000000]
[THREAD-66048000] search(): range = [0, 1000000]
[THREAD-67121152] search(): range = [1000000, 2000000]
[THREAD-67657728] search(): range = [2000000, 3000000]
[THREAD-68194304] search(): range = [3000000, 4000000]
[THREAD-68730880] search(): range = [4000000, 5000000]
[THREAD-69267456] search(): range = [5000000, 6000000]
[THREAD-69804032] search(): range = [6000000, 7000000]
[THREAD-70877184] search(): range = [8000000, 9000000]
[THREAD-70340608] search(): range = [7000000, 8000000]
..................................................
[MAIN] elapsed = 67 sec
[MAIN] ops = 149253.000000

[MAIN] test is done!
============================================================
Program ended with exit code: 0