[MAIN] sequential keys was generated!
[MAIN] inserting all required keys..................

============================================================
[MAIN] test Started!

[THREAD-125829120] insert(): range = [9000000, 10000000]
[THREAD-121536512] search_by_range(): range = [1000000, 2000000], found: 1000001
[THREAD-122073088] search_by_range(): range = [2000000, 3000000], found: 1000001
[THREAD-120463360] search_by_range(): range = [0, 1000000], found: 1000000
[THREAD-123682816] search_by_range(): range = [5000000, 6000000], found: 1000001
[THREAD-124219392] search_by_range(): range = [6000000, 7000000], found: 1000001
[THREAD-122609664] search_by_range(): range = [3000000, 4000000], found: 1000001
[THREAD-124755968] search_by_range(): range = [7000000, 8000000], found: 1000001
[THREAD-123146240] search_by_range(): range = [4000000, 5000000], found: 1000001
[THREAD-125292544] search_by_range(): range = [8000000, 9000000], found: 1000001
.....
[MAIN] elapsed = 5 sec
[MAIN] ops = 1999998.000000

[MAIN] test is done!
============================================================
Program ended with exit code: 0