[MAIN] sequential keys was generated!
[MAIN] inserting all required keys..................

============================================================
[MAIN] test Started!

[THREAD-251015168] insert(): range = [9000000, 10000000]
[THREAD-245649408] search(): range = [0, 1000000]
[THREAD-246185984] search(): range = [1000000, 2000000]
[THREAD-247259136] search(): range = [2000000, 3000000]
[THREAD-247795712] search(): range = [3000000, 4000000]
[THREAD-248332288] search(): range = [4000000, 5000000]
[THREAD-248868864] search(): range = [5000000, 6000000]
[THREAD-249405440] search(): range = [6000000, 7000000]
[THREAD-249942016] search(): range = [7000000, 8000000]
[THREAD-250478592] search(): range = [8000000, 9000000]
..................................................
[MAIN] elapsed = 23 sec
[MAIN] ops = 434782.000000

[MAIN] test is done!
============================================================
Program ended with exit code: 0