[MAIN] sequential keys was generated!
[MAIN] inserting all required keys....................

============================================================
[MAIN] test Started!

[THREAD-242835456] delete(): range = [9000000, 10000000]
[THREAD-237469696] search_by_range(): range = [0, 1000000], found: 1000000
[THREAD-238542848] search_by_range(): range = [1000000, 2000000], found: 1000001
[THREAD-239616000] search_by_range(): range = [3000000, 4000000], found: 1000001
[THREAD-241225728] search_by_range(): range = [6000000, 7000000], found: 1000001
[THREAD-240689152] search_by_range(): range = [5000000, 6000000], found: 1000001
[THREAD-239079424] search_by_range(): range = [2000000, 3000000], found: 1000001
[THREAD-240152576] search_by_range(): range = [4000000, 5000000], found: 1000001
[THREAD-242298880] search_by_range(): range = [8000000, 9000000], found: 1000001
[THREAD-241762304] search_by_range(): range = [7000000, 8000000], found: 1000001
.....
[MAIN] elapsed = 7 sec
[MAIN] ops = 1428570.000000

[MAIN] test is done!
============================================================
Program ended with exit code: 0