[MAIN] sequential keys was generated!
[MAIN] inserting all required keys....................

============================================================
[MAIN] test Started!

[THREAD-169119744] delete(): range = [9000000, 10000000]
[THREAD-163753984] search_by_range(): range = [0, 1000000], found: 1000000
[THREAD-164290560] search_by_range(): range = [1000000, 2000000], found: 1000001
[THREAD-168583168] search_by_range(): range = [8000000, 9000000], found: 1000001
[THREAD-168046592] search_by_range(): range = [7000000, 8000000], found: 1000001
[THREAD-166973440] search_by_range(): range = [5000000, 6000000], found: 1000001
[THREAD-165900288] search_by_range(): range = [3000000, 4000000], found: 1000001
[THREAD-165363712] search_by_range(): range = [2000000, 3000000], found: 1000001
[THREAD-167510016] search_by_range(): range = [6000000, 7000000], found: 1000001
[THREAD-166436864] search_by_range(): range = [4000000, 5000000], found: 1000001
.....
[MAIN] elapsed = 6 sec
[MAIN] ops = 1666665.000000

[MAIN] test is done!
============================================================
Program ended with exit code: 0