[MAIN] sequential keys was generated!
[MAIN] inserting all required keys..................

============================================================
[MAIN] test Started!

[THREAD-134901760] search(): range = [0, 1000000]
[THREAD-139730944] search(): range = [8000000, 9000000]
[THREAD-135974912] search(): range = [1000000, 2000000]
[THREAD-139194368] search(): range = [7000000, 8000000]
[THREAD-140267520] insert(): range = [9000000, 10000000]
[THREAD-137048064] search(): range = [3000000, 4000000]
[THREAD-136511488] search(): range = [2000000, 3000000]
[THREAD-138121216] search(): range = [5000000, 6000000]
[THREAD-137584640] search(): range = [4000000, 5000000]
[THREAD-138657792] search(): range = [6000000, 7000000]
..................................................
[MAIN] elapsed = 16 sec
[MAIN] ops = 625000.000000

[MAIN] test is done!
============================================================
Program ended with exit code: 0