[MAIN] sequential keys was generated!
[MAIN] inserting all required keys....................

============================================================
[MAIN] test Started!

[THREAD-41967616] delete(): range = [9000000, 10000000]
[THREAD-36601856] search(): range = [0, 1000000]
[THREAD-37675008] search(): range = [1000000, 2000000]
[THREAD-38211584] search(): range = [2000000, 3000000]
[THREAD-38748160] search(): range = [3000000, 4000000]
[THREAD-39284736] search(): range = [4000000, 5000000]
[THREAD-39821312] search(): range = [5000000, 6000000]
[THREAD-40357888] search(): range = [6000000, 7000000]
[THREAD-40894464] search(): range = [7000000, 8000000]
[THREAD-41431040] search(): range = [8000000, 9000000]
..................................................
[MAIN] elapsed = 21 sec
[MAIN] ops = 476190.000000

[MAIN] test is done!
============================================================
Program ended with exit code: 0