[MAIN] sequential keys was generated!
[MAIN] inserting all required keys....................

============================================================
[MAIN] test Started!

[THREAD-121765888] delete(): range = [9000000, 10000000]
[THREAD-118546432] search_by_range(): range = [3000000, 4000000], found: 1000001
[THREAD-116400128] search_by_range(): range = [0, 1000000], found: 1000000
[THREAD-117473280] search_by_range(): range = [1000000, 2000000], found: 1000001
[THREAD-118009856] search_by_range(): range = [2000000, 3000000], found: 1000001
[THREAD-120692736] search_by_range(): range = [7000000, 8000000], found: 1000001
[THREAD-119083008] search_by_range(): range = [4000000, 5000000], found: 1000001
[THREAD-120156160] search_by_range(): range = [6000000, 7000000], found: 1000001
[THREAD-119619584] search_by_range(): range = [5000000, 6000000], found: 1000001
[THREAD-121229312] search_by_range(): range = [8000000, 9000000], found: 1000001
.....
[MAIN] elapsed = 6 sec
[MAIN] ops = 1666665.000000

[MAIN] test is done!
============================================================
Program ended with exit code: 0