[MAIN] sequential keys was generated!
[MAIN] inserting all required keys..................

============================================================
[MAIN] test Started!

[THREAD-64733184] insert(): range = [9000000, 10000000]
[THREAD-60440576] search_by_range(): range = [1000000, 2000000], found: 1000001
[THREAD-59904000] search_by_range(): range = [0, 1000000], found: 1000000
[THREAD-64196608] search_by_range(): range = [8000000, 9000000], found: 1000001
[THREAD-63660032] search_by_range(): range = [7000000, 8000000], found: 1000001
[THREAD-62586880] search_by_range(): range = [5000000, 6000000], found: 1000001
[THREAD-63123456] search_by_range(): range = [6000000, 7000000], found: 1000001
[THREAD-61513728] search_by_range(): range = [3000000, 4000000], found: 1000001
[THREAD-62050304] search_by_range(): range = [4000000, 5000000], found: 1000001
[THREAD-60977152] search_by_range(): range = [2000000, 3000000], found: 1000001
.....
[MAIN] elapsed = 5 sec
[MAIN] ops = 1999998.000000

[MAIN] test is done!
============================================================
Program ended with exit code: 0