[MAIN] sequential keys was generated!
[MAIN] inserting all required keys....................

============================================================
[MAIN] test Started!

[THREAD-263606272] delete(): range = [9000000, 10000000]
[THREAD-258240512] search(): range = [0, 1000000]
[THREAD-259313664] search(): range = [1000000, 2000000]
[THREAD-259850240] search(): range = [2000000, 3000000]
[THREAD-260386816] search(): range = [3000000, 4000000]
[THREAD-260923392] search(): range = [4000000, 5000000]
[THREAD-261459968] search(): range = [5000000, 6000000]
[THREAD-261996544] search(): range = [6000000, 7000000]
[THREAD-262533120] search(): range = [7000000, 8000000]
[THREAD-263069696] search(): range = [8000000, 9000000]
..................................................
[MAIN] elapsed = 17 sec
[MAIN] ops = 588235.000000

[MAIN] test is done!
============================================================
Program ended with exit code: 0