[MAIN] sequential keys was generated!
[MAIN] inserting all required keys....................

============================================================
[MAIN] test Started!

[THREAD-23015424] delete(): range = [9000000, 10000000]
[THREAD-18186240] search(): range = [0, 1000000]
[THREAD-18722816] search(): range = [1000000, 2000000]
[THREAD-19259392] search(): range = [2000000, 3000000]
[THREAD-19795968] search(): range = [3000000, 4000000]
[THREAD-20869120] search(): range = [5000000, 6000000]
[THREAD-20332544] search(): range = [4000000, 5000000]
[THREAD-21405696] search(): range = [6000000, 7000000]
[THREAD-22478848] search(): range = [8000000, 9000000]
[THREAD-21942272] search(): range = [7000000, 8000000]
..................................................
[MAIN] elapsed = 15 sec
[MAIN] ops = 666666.000000

[MAIN] test is done!
============================================================
Program ended with exit code: 0